<?xml version="1.0" encoding="UTF-8"?>
<testsuite name="com.alkimiapps.indexedcache.IndexedCacheTest" tests="2" skipped="0" failures="0" errors="0" timestamp="2019-01-12T17:26:52" hostname="OE2169" time="0.274">
  <properties/>
  <testcase name="testGetCache" classname="com.alkimiapps.indexedcache.IndexedCacheTest" time="0.246"/>
  <testcase name="add" classname="com.alkimiapps.indexedcache.IndexedCacheTest" time="0.028"/>
  <system-out><![CDATA[]]></system-out>
  <system-err><![CDATA[SLF4J: Failed to load class "org.slf4j.impl.StaticLoggerBinder".
SLF4J: Defaulting to no-operation (NOP) logger implementation
SLF4J: See http://www.slf4j.org/codes.html#StaticLoggerBinder for further details.
]]></system-err>
</testsuite>
