<?xml version="1.0" encoding="UTF-8"?>
<testsuite name="com.alkimiapps.indexedcache.internal.CacheMaintainerTest" tests="9" skipped="0" failures="0" errors="0" timestamp="2019-01-12T17:26:52" hostname="OE2169" time="0.657">
  <properties/>
  <testcase name="testObjectWasRemoved" classname="com.alkimiapps.indexedcache.internal.CacheMaintainerTest" time="0.008"/>
  <testcase name="testIndexCollectionWasUpdatedIdempotency" classname="com.alkimiapps.indexedcache.internal.CacheMaintainerTest" time="0.006"/>
  <testcase name="testObjectWasAdded" classname="com.alkimiapps.indexedcache.internal.CacheMaintainerTest" time="0.005"/>
  <testcase name="testRegisterCacheHitsForObjectKeyCache" classname="com.alkimiapps.indexedcache.internal.CacheMaintainerTest" time="0.507"/>
  <testcase name="testRegisterCacheMissForObjectKeyCache" classname="com.alkimiapps.indexedcache.internal.CacheMaintainerTest" time="0.107"/>
  <testcase name="testIndexCollectionWasUpdatedWithOnlyAdded" classname="com.alkimiapps.indexedcache.internal.CacheMaintainerTest" time="0.005"/>
  <testcase name="testSameObjectAddedIdempotency" classname="com.alkimiapps.indexedcache.internal.CacheMaintainerTest" time="0.004"/>
  <testcase name="testIndexCollectionWasUpdatedWithNullValues" classname="com.alkimiapps.indexedcache.internal.CacheMaintainerTest" time="0.004"/>
  <testcase name="testIndexCollectionWasUpdatedWithAllRemoved" classname="com.alkimiapps.indexedcache.internal.CacheMaintainerTest" time="0.008"/>
  <system-out><![CDATA[]]></system-out>
  <system-err><![CDATA[Exception in thread "pool-2-thread-1" java.lang.IllegalStateException: Cache[jCache] is closed
	at org.ehcache.jsr107.Eh107Cache.checkClosed(Eh107Cache.java:543)
	at org.ehcache.jsr107.Eh107Cache.get(Eh107Cache.java:88)
	at com.alkimiapps.indexedcache.internal.CacheMaintainer.lambda$null$0(CacheMaintainer.java:41)
	at java.util.Iterator.forEachRemaining(Iterator.java:116)
	at java.util.Spliterators$IteratorSpliterator.forEachRemaining(Spliterators.java:1801)
	at java.util.stream.ReferencePipeline$Head.forEach(ReferencePipeline.java:580)
	at com.alkimiapps.indexedcache.internal.CacheMaintainer.lambda$registerCacheHits$1(CacheMaintainer.java:41)
	at java.util.concurrent.ThreadPoolExecutor.runWorker(ThreadPoolExecutor.java:1142)
	at java.util.concurrent.ThreadPoolExecutor$Worker.run(ThreadPoolExecutor.java:617)
	at java.lang.Thread.run(Thread.java:748)
]]></system-err>
</testsuite>
